<?xml version="1.0" encoding="UTF-8"?>
<testng-results skipped="0" failed="0" total="1" passed="1">
  <reporter-output>
  </reporter-output>
  <suite name="Default suite" duration-ms="16576" started-at="2016-07-05T11:57:52Z" finished-at="2016-07-05T11:58:08Z">
    <groups>
    </groups>
    <test name="Default test" duration-ms="16576" started-at="2016-07-05T11:57:52Z" finished-at="2016-07-05T11:58:08Z">
      <class name="GSClass">
        <test-method status="PASS" signature="setUp()[pri:0, instance:GSClass@1593948d]" name="setUp" is-config="true" duration-ms="7137" started-at="2016-07-05T17:27:52Z" finished-at="2016-07-05T17:27:59Z">
          <reporter-output>
          </reporter-output>
        </test-method> <!-- setUp -->
        <test-method status="PASS" signature="testSimpleSearch()[pri:0, instance:GSClass@1593948d]" name="testSimpleSearch" duration-ms="8785" started-at="2016-07-05T17:27:59Z" finished-at="2016-07-05T17:28:08Z">
          <reporter-output>
          </reporter-output>
        </test-method> <!-- testSimpleSearch -->
        <test-method status="PASS" signature="tearDown()[pri:0, instance:GSClass@1593948d]" name="tearDown" is-config="true" duration-ms="637" started-at="2016-07-05T17:28:08Z" finished-at="2016-07-05T17:28:08Z">
          <reporter-output>
          </reporter-output>
        </test-method> <!-- tearDown -->
      </class> <!-- GSClass -->
    </test> <!-- Default test -->
  </suite> <!-- Default suite -->
</testng-results>
