<?xml version="1.0" encoding="UTF-8"?>
<testng-results skipped="0" failed="0" total="1" passed="1">
  <reporter-output>
  </reporter-output>
  <suite name="Default suite" duration-ms="57899" started-at="2016-10-20T09:27:39Z" finished-at="2016-10-20T09:28:37Z">
    <groups>
    </groups>
    <test name="Default test" duration-ms="57899" started-at="2016-10-20T09:27:39Z" finished-at="2016-10-20T09:28:37Z">
      <class name="FutureM.RealEstate">
        <test-method status="PASS" signature="f()[pri:0, instance:FutureM.RealEstate@7c16905e]" name="f" duration-ms="57881" started-at="2016-10-20T14:57:39Z" finished-at="2016-10-20T14:58:37Z">
          <reporter-output>
          </reporter-output>
        </test-method> <!-- f -->
      </class> <!-- FutureM.RealEstate -->
    </test> <!-- Default test -->
  </suite> <!-- Default suite -->
</testng-results>
